;  LST file generated by mikroListExporter - v.2.0 
; Date/Time: 3/5/2019 12:00:30 PM
;----------------------------------------------

;Address Opcode 	ASM
0x0000	0x2A96      	GOTO       662
_Delay_1us:
;__Lib_Delays.c,7 :: 		void Delay_1us() {
;__Lib_Delays.c,8 :: 		Delay_us(1);
0x0003	0x0000      	NOP
0x0004	0x0000      	NOP
;__Lib_Delays.c,9 :: 		}
L_end_Delay_1us:
0x0005	0x0008      	RETURN
; end of _Delay_1us
_Delay_5500us:
;__Lib_Delays.c,31 :: 		void Delay_5500us() {
;__Lib_Delays.c,32 :: 		Delay_us(5500);
0x0006	0x300F      	MOVLW      15
0x0007	0x1283      	BCF        STATUS, 5
0x0008	0x1303      	BCF        STATUS, 6
0x0009	0x00FC      	MOVWF      R12
0x000A	0x3047      	MOVLW      71
0x000B	0x00FD      	MOVWF      R13
L_Delay_5500us5:
0x000C	0x0BFD      	DECFSZ     R13, 1
0x000D	0x280C      	GOTO       L_Delay_5500us5
0x000E	0x0BFC      	DECFSZ     R12, 1
0x000F	0x280C      	GOTO       L_Delay_5500us5
0x0010	0x0000      	NOP
0x0011	0x0000      	NOP
;__Lib_Delays.c,33 :: 		}
L_end_Delay_5500us:
0x0012	0x0008      	RETURN
; end of _Delay_5500us
_Delay_50us:
;__Lib_Delays.c,19 :: 		void Delay_50us() {
;__Lib_Delays.c,20 :: 		Delay_us(50);
0x0013	0x3021      	MOVLW      33
0x0014	0x1283      	BCF        STATUS, 5
0x0015	0x1303      	BCF        STATUS, 6
0x0016	0x00FD      	MOVWF      R13
L_Delay_50us2:
0x0017	0x0BFD      	DECFSZ     R13, 1
0x0018	0x2817      	GOTO       L_Delay_50us2
;__Lib_Delays.c,21 :: 		}
L_end_Delay_50us:
0x0019	0x0008      	RETURN
; end of _Delay_50us
_Lcd_Cmd:
;__Lib_Lcd.c,18 :: 		
;__Lib_Lcd.c,20 :: 		
0x001A	0x1683      	BSF        STATUS, 5
0x001B	0x1303      	BCF        STATUS, 6
0x001C	0x1BB3      	BTFSC      FARG_Lcd_Cmd_out_char, 7
0x001D	0x2821      	GOTO       L__Lcd_Cmd21
0x001E	0x1283      	BCF        STATUS, 5
0x001F	0x1388      	BCF        LCD_D7, BitPos(LCD_D7+0)
0x0020	0x2823      	GOTO       L__Lcd_Cmd22
L__Lcd_Cmd21:
0x0021	0x1283      	BCF        STATUS, 5
0x0022	0x1788      	BSF        LCD_D7, BitPos(LCD_D7+0)
L__Lcd_Cmd22:
;__Lib_Lcd.c,21 :: 		
0x0023	0x1683      	BSF        STATUS, 5
0x0024	0x1B33      	BTFSC      FARG_Lcd_Cmd_out_char, 6
0x0025	0x2829      	GOTO       L__Lcd_Cmd23
0x0026	0x1283      	BCF        STATUS, 5
0x0027	0x1308      	BCF        LCD_D6, BitPos(LCD_D6+0)
0x0028	0x282B      	GOTO       L__Lcd_Cmd24
L__Lcd_Cmd23:
0x0029	0x1283      	BCF        STATUS, 5
0x002A	0x1708      	BSF        LCD_D6, BitPos(LCD_D6+0)
L__Lcd_Cmd24:
;__Lib_Lcd.c,22 :: 		
0x002B	0x1683      	BSF        STATUS, 5
0x002C	0x1AB3      	BTFSC      FARG_Lcd_Cmd_out_char, 5
0x002D	0x2831      	GOTO       L__Lcd_Cmd25
0x002E	0x1283      	BCF        STATUS, 5
0x002F	0x1288      	BCF        LCD_D5, BitPos(LCD_D5+0)
0x0030	0x2833      	GOTO       L__Lcd_Cmd26
L__Lcd_Cmd25:
0x0031	0x1283      	BCF        STATUS, 5
0x0032	0x1688      	BSF        LCD_D5, BitPos(LCD_D5+0)
L__Lcd_Cmd26:
;__Lib_Lcd.c,23 :: 		
0x0033	0x1683      	BSF        STATUS, 5
0x0034	0x1A33      	BTFSC      FARG_Lcd_Cmd_out_char, 4
0x0035	0x2839      	GOTO       L__Lcd_Cmd27
0x0036	0x1283      	BCF        STATUS, 5
0x0037	0x1208      	BCF        LCD_D4, BitPos(LCD_D4+0)
0x0038	0x283B      	GOTO       L__Lcd_Cmd28
L__Lcd_Cmd27:
0x0039	0x1283      	BCF        STATUS, 5
0x003A	0x1608      	BSF        LCD_D4, BitPos(LCD_D4+0)
L__Lcd_Cmd28:
;__Lib_Lcd.c,25 :: 		
0x003B	0x186E      	BTFSC      __Lib_Lcd_cmd_status, BitPos(__Lib_Lcd_cmd_status+0)
0x003C	0x283F      	GOTO       L__Lcd_Cmd29
0x003D	0x1508      	BSF        LCD_RS, BitPos(LCD_RS+0)
0x003E	0x2840      	GOTO       L__Lcd_Cmd30
L__Lcd_Cmd29:
0x003F	0x1108      	BCF        LCD_RS, BitPos(LCD_RS+0)
L__Lcd_Cmd30:
;__Lib_Lcd.c,28 :: 		
0x0040	0x1588      	BSF        LCD_EN, BitPos(LCD_EN+0)
;__Lib_Lcd.c,29 :: 		
0x0041	0x2003      	CALL       _Delay_1us
;__Lib_Lcd.c,30 :: 		
0x0042	0x1188      	BCF        LCD_EN, BitPos(LCD_EN+0)
;__Lib_Lcd.c,33 :: 		
0x0043	0x1683      	BSF        STATUS, 5
0x0044	0x19B3      	BTFSC      FARG_Lcd_Cmd_out_char, 3
0x0045	0x2849      	GOTO       L__Lcd_Cmd31
0x0046	0x1283      	BCF        STATUS, 5
0x0047	0x1388      	BCF        LCD_D7, BitPos(LCD_D7+0)
0x0048	0x284B      	GOTO       L__Lcd_Cmd32
L__Lcd_Cmd31:
0x0049	0x1283      	BCF        STATUS, 5
0x004A	0x1788      	BSF        LCD_D7, BitPos(LCD_D7+0)
L__Lcd_Cmd32:
;__Lib_Lcd.c,34 :: 		
0x004B	0x1683      	BSF        STATUS, 5
0x004C	0x1933      	BTFSC      FARG_Lcd_Cmd_out_char, 2
0x004D	0x2851      	GOTO       L__Lcd_Cmd33
0x004E	0x1283      	BCF        STATUS, 5
0x004F	0x1308      	BCF        LCD_D6, BitPos(LCD_D6+0)
0x0050	0x2853      	GOTO       L__Lcd_Cmd34
L__Lcd_Cmd33:
0x0051	0x1283      	BCF        STATUS, 5
0x0052	0x1708      	BSF        LCD_D6, BitPos(LCD_D6+0)
L__Lcd_Cmd34:
;__Lib_Lcd.c,35 :: 		
0x0053	0x1683      	BSF        STATUS, 5
0x0054	0x18B3      	BTFSC      FARG_Lcd_Cmd_out_char, 1
0x0055	0x2859      	GOTO       L__Lcd_Cmd35
0x0056	0x1283      	BCF        STATUS, 5
0x0057	0x1288      	BCF        LCD_D5, BitPos(LCD_D5+0)
0x0058	0x285B      	GOTO       L__Lcd_Cmd36
L__Lcd_Cmd35:
0x0059	0x1283      	BCF        STATUS, 5
0x005A	0x1688      	BSF        LCD_D5, BitPos(LCD_D5+0)
L__Lcd_Cmd36:
;__Lib_Lcd.c,36 :: 		
0x005B	0x1683      	BSF        STATUS, 5
0x005C	0x1833      	BTFSC      FARG_Lcd_Cmd_out_char, 0
0x005D	0x2861      	GOTO       L__Lcd_Cmd37
0x005E	0x1283      	BCF        STATUS, 5
0x005F	0x1208      	BCF        LCD_D4, BitPos(LCD_D4+0)
0x0060	0x2863      	GOTO       L__Lcd_Cmd38
L__Lcd_Cmd37:
0x0061	0x1283      	BCF        STATUS, 5
0x0062	0x1608      	BSF        LCD_D4, BitPos(LCD_D4+0)
L__Lcd_Cmd38:
;__Lib_Lcd.c,38 :: 		
0x0063	0x186E      	BTFSC      __Lib_Lcd_cmd_status, BitPos(__Lib_Lcd_cmd_status+0)
0x0064	0x2867      	GOTO       L__Lcd_Cmd39
0x0065	0x1508      	BSF        LCD_RS, BitPos(LCD_RS+0)
0x0066	0x2868      	GOTO       L__Lcd_Cmd40
L__Lcd_Cmd39:
0x0067	0x1108      	BCF        LCD_RS, BitPos(LCD_RS+0)
L__Lcd_Cmd40:
;__Lib_Lcd.c,40 :: 		
0x0068	0x1588      	BSF        LCD_EN, BitPos(LCD_EN+0)
;__Lib_Lcd.c,41 :: 		
0x0069	0x2003      	CALL       _Delay_1us
;__Lib_Lcd.c,42 :: 		
0x006A	0x1188      	BCF        LCD_EN, BitPos(LCD_EN+0)
;__Lib_Lcd.c,44 :: 		
0x006B	0x1C6E      	BTFSS      __Lib_Lcd_cmd_status, BitPos(__Lib_Lcd_cmd_status+0)
0x006C	0x286F      	GOTO       L_Lcd_Cmd0
;__Lib_Lcd.c,45 :: 		
0x006D	0x2006      	CALL       _Delay_5500us
0x006E	0x2870      	GOTO       L_Lcd_Cmd1
L_Lcd_Cmd0:
;__Lib_Lcd.c,47 :: 		
0x006F	0x2013      	CALL       _Delay_50us
L_Lcd_Cmd1:
;__Lib_Lcd.c,48 :: 		
L_end_Lcd_Cmd:
0x0070	0x0008      	RETURN
; end of _Lcd_Cmd
_Div_16X16_U:
;__Lib_Math.c,215 :: 		
;__Lib_Math.c,222 :: 		
0x0071	0x1283      	BCF        STATUS, 5
;__Lib_Math.c,223 :: 		
0x0072	0x1303      	BCF        STATUS, 6
;__Lib_Math.c,224 :: 		
0x0073	0x01F8      	CLRF       R8
;__Lib_Math.c,225 :: 		
0x0074	0x01F9      	CLRF       R9
;__Lib_Math.c,226 :: 		
0x0075	0x3010      	MOVLW      16
;__Lib_Math.c,227 :: 		
0x0076	0x00FC      	MOVWF      R12
;__Lib_Math.c,228 :: 		
0x0077	0x0D71      	RLF        R1, 0
;__Lib_Math.c,229 :: 		
0x0078	0x0DF8      	RLF        R8, 1
;__Lib_Math.c,230 :: 		
0x0079	0x0DF9      	RLF        R9, 1
;__Lib_Math.c,231 :: 		
0x007A	0x0874      	MOVF       R4, 0
;__Lib_Math.c,232 :: 		
0x007B	0x02F8      	SUBWF      R8, 1
;__Lib_Math.c,233 :: 		
0x007C	0x0875      	MOVF       R5, 0
;__Lib_Math.c,234 :: 		
0x007D	0x1C03      	BTFSS      STATUS, 0
;__Lib_Math.c,235 :: 		
0x007E	0x0F75      	INCFSZ     R5, 0
;__Lib_Math.c,236 :: 		
0x007F	0x02F9      	SUBWF      R9, 1
;__Lib_Math.c,237 :: 		
0x0080	0x1803      	BTFSC      STATUS, 0
;__Lib_Math.c,238 :: 		
0x0081	0x2889      	GOTO       $+8
;__Lib_Math.c,239 :: 		
0x0082	0x0874      	MOVF       R4, 0
;__Lib_Math.c,240 :: 		
0x0083	0x07F8      	ADDWF      R8, 1
;__Lib_Math.c,241 :: 		
0x0084	0x0875      	MOVF       R5, 0
;__Lib_Math.c,242 :: 		
0x0085	0x1803      	BTFSC      STATUS, 0
;__Lib_Math.c,243 :: 		
0x0086	0x0F75      	INCFSZ     R5, 0
;__Lib_Math.c,244 :: 		
0x0087	0x07F9      	ADDWF      R9, 1
;__Lib_Math.c,245 :: 		
0x0088	0x1003      	BCF        STATUS, 0
;__Lib_Math.c,246 :: 		
0x0089	0x0DF0      	RLF        R0, 1
;__Lib_Math.c,247 :: 		
0x008A	0x0DF1      	RLF        R1, 1
;__Lib_Math.c,248 :: 		
0x008B	0x0BFC      	DECFSZ     R12, 1
;__Lib_Math.c,249 :: 		
0x008C	0x2877      	GOTO       $-21
;__Lib_Math.c,251 :: 		
L_end_Div_16X16_U:
0x008D	0x0008      	RETURN
; end of _Div_16X16_U
_Lcd_Chr_CP:
;__Lib_Lcd.c,50 :: 		
;__Lib_Lcd.c,52 :: 		
0x008E	0x1283      	BCF        STATUS, 5
0x008F	0x1303      	BCF        STATUS, 6
0x0090	0x106E      	BCF        __Lib_Lcd_cmd_status, BitPos(__Lib_Lcd_cmd_status+0)
;__Lib_Lcd.c,53 :: 		
0x0091	0x1683      	BSF        STATUS, 5
0x0092	0x082E      	MOVF       FARG_Lcd_Chr_CP_out_char, 0
0x0093	0x00B3      	MOVWF      FARG_Lcd_Cmd_out_char
0x0094	0x201A      	CALL       _Lcd_Cmd
;__Lib_Lcd.c,54 :: 		
0x0095	0x146E      	BSF        __Lib_Lcd_cmd_status, BitPos(__Lib_Lcd_cmd_status+0)
;__Lib_Lcd.c,55 :: 		
L_end_Lcd_Chr_CP:
0x0096	0x0008      	RETURN
; end of _Lcd_Chr_CP
_UART1_Write:
;__Lib_UART_c67.c,39 :: 		
;__Lib_UART_c67.c,40 :: 		
L_UART1_Write3:
0x0097	0x1683      	BSF        STATUS, 5
0x0098	0x1303      	BCF        STATUS, 6
0x0099	0x1898      	BTFSC      TXSTA, 1
0x009A	0x289D      	GOTO       L_UART1_Write4
;__Lib_UART_c67.c,41 :: 		
0x009B	0x0000      	NOP
0x009C	0x2897      	GOTO       L_UART1_Write3
L_UART1_Write4:
;__Lib_UART_c67.c,42 :: 		
0x009D	0x082E      	MOVF       FARG_UART1_Write_data_, 0
0x009E	0x1283      	BCF        STATUS, 5
0x009F	0x0099      	MOVWF      TXREG
;__Lib_UART_c67.c,43 :: 		
L_end_UART1_Write:
0x00A0	0x0008      	RETURN
; end of _UART1_Write
_____DoICP:
;__Lib_System.c,6 :: 		
;__Lib_System.c,9 :: 		
0x00A1	0x1283      	BCF        STATUS, 5
0x00A2	0x1303      	BCF        STATUS, 6
0x00A3	0x0863      	MOVF       ___DoICPAddr+1, 0
0x00A4	0x008A      	MOVWF      PCLATH
;__Lib_System.c,10 :: 		
0x00A5	0x0862      	MOVF       ___DoICPAddr, 0
0x00A6	0x0082      	MOVWF      PCL
;__Lib_System.c,12 :: 		
L_end_____DoICP:
0x00A7	0x0008      	RETURN
; end of _____DoICP
_Delay_22us:
;__Lib_Delays.c,15 :: 		void Delay_22us() {
;__Lib_Delays.c,16 :: 		Delay_us(22);
0x00A8	0x300E      	MOVLW      14
0x00A9	0x1283      	BCF        STATUS, 5
0x00AA	0x1303      	BCF        STATUS, 6
0x00AB	0x00FD      	MOVWF      R13
L_Delay_22us1:
0x00AC	0x0BFD      	DECFSZ     R13, 1
0x00AD	0x28AC      	GOTO       L_Delay_22us1
0x00AE	0x0000      	NOP
;__Lib_Delays.c,17 :: 		}
L_end_Delay_22us:
0x00AF	0x0008      	RETURN
; end of _Delay_22us
_WordToStr:
;__Lib_Conversions.c,84 :: 		
;__Lib_Conversions.c,89 :: 		
0x00B0	0x1683      	BSF        STATUS, 5
0x00B1	0x1303      	BCF        STATUS, 6
0x00B2	0x01B1      	CLRF       WordToStr_len_L0
L_WordToStr6:
0x00B3	0x3005      	MOVLW      5
0x00B4	0x0231      	SUBWF      WordToStr_len_L0, 0
0x00B5	0x1803      	BTFSC      STATUS, 0
0x00B6	0x28BE      	GOTO       L_WordToStr7
;__Lib_Conversions.c,90 :: 		
0x00B7	0x0831      	MOVF       WordToStr_len_L0, 0
0x00B8	0x0730      	ADDWF      FARG_WordToStr_output, 0
0x00B9	0x0084      	MOVWF      FSR
0x00BA	0x3020      	MOVLW      32
0x00BB	0x0080      	MOVWF      INDF
;__Lib_Conversions.c,89 :: 		
0x00BC	0x0AB1      	INCF       WordToStr_len_L0, 1
;__Lib_Conversions.c,90 :: 		
0x00BD	0x28B3      	GOTO       L_WordToStr6
L_WordToStr7:
;__Lib_Conversions.c,91 :: 		
0x00BE	0x0831      	MOVF       WordToStr_len_L0, 0
0x00BF	0x0730      	ADDWF      FARG_WordToStr_output, 0
0x00C0	0x0084      	MOVWF      FSR
0x00C1	0x0180      	CLRF       INDF
0x00C2	0x03B1      	DECF       WordToStr_len_L0, 1
;__Lib_Conversions.c,93 :: 		
L_WordToStr9:
;__Lib_Conversions.c,94 :: 		
0x00C3	0x0831      	MOVF       WordToStr_len_L0, 0
0x00C4	0x0730      	ADDWF      FARG_WordToStr_output, 0
0x00C5	0x00B2      	MOVWF      FLOC__WordToStr
0x00C6	0x300A      	MOVLW      10
0x00C7	0x00F4      	MOVWF      R4
0x00C8	0x01F5      	CLRF       R4+1
0x00C9	0x082E      	MOVF       FARG_WordToStr_input, 0
0x00CA	0x00F0      	MOVWF      R0
0x00CB	0x082F      	MOVF       FARG_WordToStr_input+1, 0
0x00CC	0x00F1      	MOVWF      R0+1
0x00CD	0x2071      	CALL       _Div_16X16_U
0x00CE	0x0878      	MOVF       R8, 0
0x00CF	0x00F0      	MOVWF      R0
0x00D0	0x0879      	MOVF       R8+1, 0
0x00D1	0x00F1      	MOVWF      R0+1
0x00D2	0x3030      	MOVLW      48
0x00D3	0x07F0      	ADDWF      R0, 1
0x00D4	0x1683      	BSF        STATUS, 5
0x00D5	0x0832      	MOVF       FLOC__WordToStr, 0
0x00D6	0x0084      	MOVWF      FSR
0x00D7	0x0870      	MOVF       R0, 0
0x00D8	0x0080      	MOVWF      INDF
;__Lib_Conversions.c,95 :: 		
0x00D9	0x300A      	MOVLW      10
0x00DA	0x00F4      	MOVWF      R4
0x00DB	0x01F5      	CLRF       R4+1
0x00DC	0x082E      	MOVF       FARG_WordToStr_input, 0
0x00DD	0x00F0      	MOVWF      R0
0x00DE	0x082F      	MOVF       FARG_WordToStr_input+1, 0
0x00DF	0x00F1      	MOVWF      R0+1
0x00E0	0x2071      	CALL       _Div_16X16_U
0x00E1	0x0870      	MOVF       R0, 0
0x00E2	0x1683      	BSF        STATUS, 5
0x00E3	0x00AE      	MOVWF      FARG_WordToStr_input
0x00E4	0x0871      	MOVF       R0+1, 0
0x00E5	0x00AF      	MOVWF      FARG_WordToStr_input+1
;__Lib_Conversions.c,96 :: 		
0x00E6	0x3000      	MOVLW      0
0x00E7	0x0671      	XORWF      R0+1, 0
0x00E8	0x1D03      	BTFSS      STATUS, 2
0x00E9	0x28EC      	GOTO       L__WordToStr109
0x00EA	0x3000      	MOVLW      0
0x00EB	0x0670      	XORWF      R0, 0
L__WordToStr109:
0x00EC	0x1D03      	BTFSS      STATUS, 2
0x00ED	0x28EF      	GOTO       L_WordToStr11
;__Lib_Conversions.c,97 :: 		
0x00EE	0x28F1      	GOTO       L_WordToStr10
L_WordToStr11:
;__Lib_Conversions.c,98 :: 		
0x00EF	0x03B1      	DECF       WordToStr_len_L0, 1
;__Lib_Conversions.c,99 :: 		
0x00F0	0x28C3      	GOTO       L_WordToStr9
L_WordToStr10:
;__Lib_Conversions.c,100 :: 		
L_end_WordToStr:
0x00F1	0x0008      	RETURN
; end of _WordToStr
_IntToStr:
;__Lib_Conversions.c,146 :: 		
;__Lib_Conversions.c,152 :: 		
0x00F2	0x1683      	BSF        STATUS, 5
0x00F3	0x1303      	BCF        STATUS, 6
0x00F4	0x01AA      	CLRF       IntToStr_negative_L0
0x00F5	0x01AB      	CLRF       IntToStr_negative_L0+1
;__Lib_Conversions.c,153 :: 		
0x00F6	0x0825      	MOVF       FARG_IntToStr_input, 0
0x00F7	0x00AC      	MOVWF      IntToStr_inword_L0
0x00F8	0x0826      	MOVF       FARG_IntToStr_input+1, 0
0x00F9	0x00AD      	MOVWF      IntToStr_inword_L0+1
;__Lib_Conversions.c,154 :: 		
0x00FA	0x3080      	MOVLW      128
0x00FB	0x0626      	XORWF      FARG_IntToStr_input+1, 0
0x00FC	0x00F0      	MOVWF      R0
0x00FD	0x3080      	MOVLW      128
0x00FE	0x0270      	SUBWF      R0, 0
0x00FF	0x1D03      	BTFSS      STATUS, 2
0x0100	0x2903      	GOTO       L__IntToStr115
0x0101	0x3000      	MOVLW      0
0x0102	0x0225      	SUBWF      FARG_IntToStr_input, 0
L__IntToStr115:
0x0103	0x1803      	BTFSC      STATUS, 0
0x0104	0x2911      	GOTO       L_IntToStr23
;__Lib_Conversions.c,155 :: 		
0x0105	0x3001      	MOVLW      1
0x0106	0x00AA      	MOVWF      IntToStr_negative_L0
0x0107	0x3000      	MOVLW      0
0x0108	0x00AB      	MOVWF      IntToStr_negative_L0+1
;__Lib_Conversions.c,156 :: 		
0x0109	0x0825      	MOVF       FARG_IntToStr_input, 0
0x010A	0x3C00      	SUBLW      0
0x010B	0x00AC      	MOVWF      IntToStr_inword_L0
0x010C	0x0826      	MOVF       FARG_IntToStr_input+1, 0
0x010D	0x1C03      	BTFSS      STATUS, 0
0x010E	0x3E01      	ADDLW      1
0x010F	0x01AD      	CLRF       IntToStr_inword_L0+1
0x0110	0x02AD      	SUBWF      IntToStr_inword_L0+1, 1
;__Lib_Conversions.c,157 :: 		
L_IntToStr23:
;__Lib_Conversions.c,158 :: 		
0x0111	0x082C      	MOVF       IntToStr_inword_L0, 0
0x0112	0x00AE      	MOVWF      FARG_WordToStr_input
0x0113	0x082D      	MOVF       IntToStr_inword_L0+1, 0
0x0114	0x00AF      	MOVWF      FARG_WordToStr_input+1
0x0115	0x0827      	MOVF       FARG_IntToStr_output, 0
0x0116	0x00B0      	MOVWF      FARG_WordToStr_output
0x0117	0x20B0      	CALL       _WordToStr
;__Lib_Conversions.c,160 :: 		
0x0118	0x3006      	MOVLW      6
0x0119	0x00A8      	MOVWF      IntToStr_i_L0
0x011A	0x3000      	MOVLW      0
0x011B	0x00A9      	MOVWF      IntToStr_i_L0+1
;__Lib_Conversions.c,161 :: 		
L_IntToStr24:
0x011C	0x0829      	MOVF       IntToStr_i_L0+1, 0
0x011D	0x3C00      	SUBLW      0
0x011E	0x1D03      	BTFSS      STATUS, 2
0x011F	0x2922      	GOTO       L__IntToStr116
0x0120	0x0828      	MOVF       IntToStr_i_L0, 0
0x0121	0x3C00      	SUBLW      0
L__IntToStr116:
0x0122	0x1803      	BTFSC      STATUS, 0
0x0123	0x293D      	GOTO       L_IntToStr25
;__Lib_Conversions.c,162 :: 		
0x0124	0x0828      	MOVF       IntToStr_i_L0, 0
0x0125	0x0727      	ADDWF      FARG_IntToStr_output, 0
0x0126	0x00F2      	MOVWF      R2
0x0127	0x3001      	MOVLW      1
0x0128	0x0228      	SUBWF      IntToStr_i_L0, 0
0x0129	0x00F0      	MOVWF      R0
0x012A	0x3000      	MOVLW      0
0x012B	0x1C03      	BTFSS      STATUS, 0
0x012C	0x3E01      	ADDLW      1
0x012D	0x0229      	SUBWF      IntToStr_i_L0+1, 0
0x012E	0x00F1      	MOVWF      R0+1
0x012F	0x0870      	MOVF       R0, 0
0x0130	0x0727      	ADDWF      FARG_IntToStr_output, 0
0x0131	0x0084      	MOVWF      FSR
0x0132	0x0800      	MOVF       INDF, 0
0x0133	0x00F0      	MOVWF      R0
0x0134	0x0872      	MOVF       R2, 0
0x0135	0x0084      	MOVWF      FSR
0x0136	0x0870      	MOVF       R0, 0
0x0137	0x0080      	MOVWF      INDF
;__Lib_Conversions.c,163 :: 		
0x0138	0x3001      	MOVLW      1
0x0139	0x02A8      	SUBWF      IntToStr_i_L0, 1
0x013A	0x1C03      	BTFSS      STATUS, 0
0x013B	0x03A9      	DECF       IntToStr_i_L0+1, 1
;__Lib_Conversions.c,164 :: 		
0x013C	0x291C      	GOTO       L_IntToStr24
L_IntToStr25:
;__Lib_Conversions.c,165 :: 		
0x013D	0x0827      	MOVF       FARG_IntToStr_output, 0
0x013E	0x0084      	MOVWF      FSR
0x013F	0x3020      	MOVLW      32
0x0140	0x0080      	MOVWF      INDF
;__Lib_Conversions.c,166 :: 		
0x0141	0x082A      	MOVF       IntToStr_negative_L0, 0
0x0142	0x042B      	IORWF      IntToStr_negative_L0+1, 0
0x0143	0x1903      	BTFSC      STATUS, 2
0x0144	0x295B      	GOTO       L_IntToStr26
;__Lib_Conversions.c,167 :: 		
0x0145	0x01A8      	CLRF       IntToStr_i_L0
0x0146	0x01A9      	CLRF       IntToStr_i_L0+1
;__Lib_Conversions.c,168 :: 		
L_IntToStr27:
0x0147	0x0828      	MOVF       IntToStr_i_L0, 0
0x0148	0x0727      	ADDWF      FARG_IntToStr_output, 0
0x0149	0x0084      	MOVWF      FSR
0x014A	0x0800      	MOVF       INDF, 0
0x014B	0x3A20      	XORLW      32
0x014C	0x1D03      	BTFSS      STATUS, 2
0x014D	0x2952      	GOTO       L_IntToStr28
0x014E	0x0AA8      	INCF       IntToStr_i_L0, 1
0x014F	0x1903      	BTFSC      STATUS, 2
0x0150	0x0AA9      	INCF       IntToStr_i_L0+1, 1
0x0151	0x2947      	GOTO       L_IntToStr27
L_IntToStr28:
;__Lib_Conversions.c,169 :: 		
0x0152	0x3001      	MOVLW      1
0x0153	0x02A8      	SUBWF      IntToStr_i_L0, 1
0x0154	0x1C03      	BTFSS      STATUS, 0
0x0155	0x03A9      	DECF       IntToStr_i_L0+1, 1
;__Lib_Conversions.c,170 :: 		
0x0156	0x0828      	MOVF       IntToStr_i_L0, 0
0x0157	0x0727      	ADDWF      FARG_IntToStr_output, 0
0x0158	0x0084      	MOVWF      FSR
0x0159	0x302D      	MOVLW      45
0x015A	0x0080      	MOVWF      INDF
L_IntToStr26:
;__Lib_Conversions.c,171 :: 		
L_end_IntToStr:
0x015B	0x0008      	RETURN
; end of _IntToStr
_Lcd_Init:
;__Lib_Lcd.c,84 :: 		
;__Lib_Lcd.c,86 :: 		
0x015C	0x1683      	BSF        STATUS, 5
0x015D	0x1303      	BCF        STATUS, 6
0x015E	0x1188      	BCF        LCD_EN_Direction, BitPos(LCD_EN_Direction+0)
;__Lib_Lcd.c,87 :: 		
0x015F	0x1108      	BCF        LCD_RS_Direction, BitPos(LCD_RS_Direction+0)
;__Lib_Lcd.c,88 :: 		
0x0160	0x1208      	BCF        LCD_D4_Direction, BitPos(LCD_D4_Direction+0)
;__Lib_Lcd.c,89 :: 		
0x0161	0x1288      	BCF        LCD_D5_Direction, BitPos(LCD_D5_Direction+0)
;__Lib_Lcd.c,90 :: 		
0x0162	0x1308      	BCF        LCD_D6_Direction, BitPos(LCD_D6_Direction+0)
;__Lib_Lcd.c,91 :: 		
0x0163	0x1388      	BCF        LCD_D7_Direction, BitPos(LCD_D7_Direction+0)
;__Lib_Lcd.c,93 :: 		
0x0164	0x1283      	BCF        STATUS, 5
0x0165	0x1188      	BCF        LCD_EN, BitPos(LCD_EN+0)
;__Lib_Lcd.c,94 :: 		
0x0166	0x1108      	BCF        LCD_RS, BitPos(LCD_RS+0)
;__Lib_Lcd.c,95 :: 		
0x0167	0x1388      	BCF        LCD_D7, BitPos(LCD_D7+0)
;__Lib_Lcd.c,96 :: 		
0x0168	0x1308      	BCF        LCD_D6, BitPos(LCD_D6+0)
;__Lib_Lcd.c,97 :: 		
0x0169	0x1288      	BCF        LCD_D5, BitPos(LCD_D5+0)
;__Lib_Lcd.c,98 :: 		
0x016A	0x1208      	BCF        LCD_D4, BitPos(LCD_D4+0)
;__Lib_Lcd.c,100 :: 		
0x016B	0x2006      	CALL       _Delay_5500us
;__Lib_Lcd.c,101 :: 		
0x016C	0x2006      	CALL       _Delay_5500us
;__Lib_Lcd.c,102 :: 		
0x016D	0x2006      	CALL       _Delay_5500us
;__Lib_Lcd.c,105 :: 		
0x016E	0x1688      	BSF        LCD_D5, BitPos(LCD_D5+0)
;__Lib_Lcd.c,106 :: 		
0x016F	0x1608      	BSF        LCD_D4, BitPos(LCD_D4+0)
;__Lib_Lcd.c,107 :: 		
0x0170	0x1588      	BSF        LCD_EN, BitPos(LCD_EN+0)
;__Lib_Lcd.c,108 :: 		
0x0171	0x2003      	CALL       _Delay_1us
;__Lib_Lcd.c,109 :: 		
0x0172	0x1188      	BCF        LCD_EN, BitPos(LCD_EN+0)
;__Lib_Lcd.c,110 :: 		
0x0173	0x2006      	CALL       _Delay_5500us
;__Lib_Lcd.c,112 :: 		
0x0174	0x1588      	BSF        LCD_EN, BitPos(LCD_EN+0)
;__Lib_Lcd.c,113 :: 		
0x0175	0x2003      	CALL       _Delay_1us
;__Lib_Lcd.c,114 :: 		
0x0176	0x1188      	BCF        LCD_EN, BitPos(LCD_EN+0)
;__Lib_Lcd.c,115 :: 		
0x0177	0x2006      	CALL       _Delay_5500us
;__Lib_Lcd.c,117 :: 		
0x0178	0x1588      	BSF        LCD_EN, BitPos(LCD_EN+0)
;__Lib_Lcd.c,118 :: 		
0x0179	0x2003      	CALL       _Delay_1us
;__Lib_Lcd.c,119 :: 		
0x017A	0x1188      	BCF        LCD_EN, BitPos(LCD_EN+0)
;__Lib_Lcd.c,120 :: 		
0x017B	0x2006      	CALL       _Delay_5500us
;__Lib_Lcd.c,123 :: 		
0x017C	0x1208      	BCF        LCD_D4, BitPos(LCD_D4+0)
;__Lib_Lcd.c,124 :: 		
0x017D	0x1588      	BSF        LCD_EN, BitPos(LCD_EN+0)
;__Lib_Lcd.c,125 :: 		
0x017E	0x2003      	CALL       _Delay_1us
;__Lib_Lcd.c,126 :: 		
0x017F	0x1188      	BCF        LCD_EN, BitPos(LCD_EN+0)
;__Lib_Lcd.c,127 :: 		
0x0180	0x2006      	CALL       _Delay_5500us
;__Lib_Lcd.c,130 :: 		
0x0181	0x1588      	BSF        LCD_EN, BitPos(LCD_EN+0)
;__Lib_Lcd.c,131 :: 		
0x0182	0x2003      	CALL       _Delay_1us
;__Lib_Lcd.c,132 :: 		
0x0183	0x1188      	BCF        LCD_EN, BitPos(LCD_EN+0)
;__Lib_Lcd.c,134 :: 		
0x0184	0x1288      	BCF        LCD_D5, BitPos(LCD_D5+0)
;__Lib_Lcd.c,135 :: 		
0x0185	0x1788      	BSF        LCD_D7, BitPos(LCD_D7+0)
;__Lib_Lcd.c,136 :: 		
0x0186	0x1588      	BSF        LCD_EN, BitPos(LCD_EN+0)
;__Lib_Lcd.c,137 :: 		
0x0187	0x2003      	CALL       _Delay_1us
;__Lib_Lcd.c,138 :: 		
0x0188	0x1188      	BCF        LCD_EN, BitPos(LCD_EN+0)
;__Lib_Lcd.c,139 :: 		
0x0189	0x2006      	CALL       _Delay_5500us
;__Lib_Lcd.c,142 :: 		
0x018A	0x1388      	BCF        LCD_D7, BitPos(LCD_D7+0)
;__Lib_Lcd.c,143 :: 		
0x018B	0x1608      	BSF        LCD_D4, BitPos(LCD_D4+0)
;__Lib_Lcd.c,144 :: 		
0x018C	0x1588      	BSF        LCD_EN, BitPos(LCD_EN+0)
;__Lib_Lcd.c,145 :: 		
0x018D	0x2003      	CALL       _Delay_1us
;__Lib_Lcd.c,146 :: 		
0x018E	0x1188      	BCF        LCD_EN, BitPos(LCD_EN+0)
;__Lib_Lcd.c,148 :: 		
0x018F	0x1208      	BCF        LCD_D4, BitPos(LCD_D4+0)
;__Lib_Lcd.c,149 :: 		
0x0190	0x1588      	BSF        LCD_EN, BitPos(LCD_EN+0)
;__Lib_Lcd.c,150 :: 		
0x0191	0x2003      	CALL       _Delay_1us
;__Lib_Lcd.c,151 :: 		
0x0192	0x1188      	BCF        LCD_EN, BitPos(LCD_EN+0)
;__Lib_Lcd.c,152 :: 		
0x0193	0x2006      	CALL       _Delay_5500us
;__Lib_Lcd.c,155 :: 		
0x0194	0x1588      	BSF        LCD_EN, BitPos(LCD_EN+0)
;__Lib_Lcd.c,156 :: 		
0x0195	0x2003      	CALL       _Delay_1us
;__Lib_Lcd.c,157 :: 		
0x0196	0x1188      	BCF        LCD_EN, BitPos(LCD_EN+0)
;__Lib_Lcd.c,159 :: 		
0x0197	0x1608      	BSF        LCD_D4, BitPos(LCD_D4+0)
;__Lib_Lcd.c,160 :: 		
0x0198	0x1588      	BSF        LCD_EN, BitPos(LCD_EN+0)
;__Lib_Lcd.c,161 :: 		
0x0199	0x2003      	CALL       _Delay_1us
;__Lib_Lcd.c,162 :: 		
0x019A	0x1188      	BCF        LCD_EN, BitPos(LCD_EN+0)
;__Lib_Lcd.c,163 :: 		
0x019B	0x2006      	CALL       _Delay_5500us
;__Lib_Lcd.c,166 :: 		
0x019C	0x1208      	BCF        LCD_D4, BitPos(LCD_D4+0)
;__Lib_Lcd.c,167 :: 		
0x019D	0x1588      	BSF        LCD_EN, BitPos(LCD_EN+0)
;__Lib_Lcd.c,168 :: 		
0x019E	0x2003      	CALL       _Delay_1us
;__Lib_Lcd.c,169 :: 		
0x019F	0x1188      	BCF        LCD_EN, BitPos(LCD_EN+0)
;__Lib_Lcd.c,171 :: 		
0x01A0	0x1788      	BSF        LCD_D7, BitPos(LCD_D7+0)
;__Lib_Lcd.c,172 :: 		
0x01A1	0x1708      	BSF        LCD_D6, BitPos(LCD_D6+0)
;__Lib_Lcd.c,173 :: 		
0x01A2	0x1688      	BSF        LCD_D5, BitPos(LCD_D5+0)
;__Lib_Lcd.c,174 :: 		
0x01A3	0x1608      	BSF        LCD_D4, BitPos(LCD_D4+0)
;__Lib_Lcd.c,175 :: 		
0x01A4	0x1588      	BSF        LCD_EN, BitPos(LCD_EN+0)
;__Lib_Lcd.c,176 :: 		
0x01A5	0x2003      	CALL       _Delay_1us
;__Lib_Lcd.c,177 :: 		
0x01A6	0x1188      	BCF        LCD_EN, BitPos(LCD_EN+0)
;__Lib_Lcd.c,179 :: 		
0x01A7	0x2006      	CALL       _Delay_5500us
;__Lib_Lcd.c,181 :: 		
0x01A8	0x146E      	BSF        __Lib_Lcd_cmd_status, BitPos(__Lib_Lcd_cmd_status+0)
;__Lib_Lcd.c,182 :: 		
L_end_Lcd_Init:
0x01A9	0x0008      	RETURN
; end of _Lcd_Init
_Ltrim:
;__Lib_Conversions.c,372 :: 		
;__Lib_Conversions.c,376 :: 		
0x01AA	0x1683      	BSF        STATUS, 5
0x01AB	0x1303      	BCF        STATUS, 6
0x01AC	0x01A5      	CLRF       Ltrim_trimmed_L0
0x01AD	0x01A6      	CLRF       Ltrim_trimmed_L0+1
;__Lib_Conversions.c,377 :: 		
0x01AE	0x1283      	BCF        STATUS, 5
0x01AF	0x086F      	MOVF       FARG_Ltrim_string, 0
0x01B0	0x00F2      	MOVWF      R2
;__Lib_Conversions.c,378 :: 		
0x01B1	0x086F      	MOVF       FARG_Ltrim_string, 0
0x01B2	0x00F3      	MOVWF      R3
;__Lib_Conversions.c,379 :: 		
L_Ltrim70:
;__Lib_Conversions.c,380 :: 		
0x01B3	0x0872      	MOVF       R2, 0
0x01B4	0x0084      	MOVWF      FSR
0x01B5	0x0800      	MOVF       INDF, 0
0x01B6	0x3A20      	XORLW      32
0x01B7	0x1D03      	BTFSS      STATUS, 2
0x01B8	0x29BF      	GOTO       L__Ltrim99
0x01B9	0x1683      	BSF        STATUS, 5
0x01BA	0x0825      	MOVF       Ltrim_trimmed_L0, 0
0x01BB	0x0426      	IORWF      Ltrim_trimmed_L0+1, 0
0x01BC	0x1D03      	BTFSS      STATUS, 2
0x01BD	0x29BF      	GOTO       L__Ltrim99
0x01BE	0x29CD      	GOTO       L_Ltrim75
L__Ltrim99:
0x01BF	0x1683      	BSF        STATUS, 5
;__Lib_Conversions.c,381 :: 		
0x01C0	0x3001      	MOVLW      1
0x01C1	0x00A5      	MOVWF      Ltrim_trimmed_L0
0x01C2	0x3000      	MOVLW      0
0x01C3	0x00A6      	MOVWF      Ltrim_trimmed_L0+1
;__Lib_Conversions.c,382 :: 		
0x01C4	0x0872      	MOVF       R2, 0
0x01C5	0x0084      	MOVWF      FSR
0x01C6	0x0800      	MOVF       INDF, 0
0x01C7	0x00F0      	MOVWF      R0
0x01C8	0x0873      	MOVF       R3, 0
0x01C9	0x0084      	MOVWF      FSR
0x01CA	0x0870      	MOVF       R0, 0
0x01CB	0x0080      	MOVWF      INDF
0x01CC	0x0AF3      	INCF       R3, 1
;__Lib_Conversions.c,383 :: 		
L_Ltrim75:
;__Lib_Conversions.c,385 :: 		
0x01CD	0x0872      	MOVF       R2, 0
0x01CE	0x00F1      	MOVWF      R1
0x01CF	0x0AF2      	INCF       R2, 1
0x01D0	0x0871      	MOVF       R1, 0
0x01D1	0x0084      	MOVWF      FSR
0x01D2	0x0800      	MOVF       INDF, 0
0x01D3	0x3A00      	XORLW      0
0x01D4	0x1D03      	BTFSS      STATUS, 2
0x01D5	0x29B3      	GOTO       L_Ltrim70
;__Lib_Conversions.c,386 :: 		
0x01D6	0x1283      	BCF        STATUS, 5
0x01D7	0x086F      	MOVF       FARG_Ltrim_string, 0
0x01D8	0x00F0      	MOVWF      R0
;__Lib_Conversions.c,387 :: 		
L_end_Ltrim:
0x01D9	0x0008      	RETURN
; end of _Ltrim
_newline:
;MyProject.c,21 :: 		void newline()
;MyProject.c,23 :: 		Uart1_write (0x0d);
0x01DA	0x300D      	MOVLW      13
0x01DB	0x1683      	BSF        STATUS, 5
0x01DC	0x1303      	BCF        STATUS, 6
0x01DD	0x00AE      	MOVWF      FARG_UART1_Write_data_
0x01DE	0x2097      	CALL       _UART1_Write
;MyProject.c,24 :: 		Uart1_write (0x0a);
0x01DF	0x300A      	MOVLW      10
0x01E0	0x1683      	BSF        STATUS, 5
0x01E1	0x00AE      	MOVWF      FARG_UART1_Write_data_
0x01E2	0x2097      	CALL       _UART1_Write
;MyProject.c,25 :: 		}
L_end_newline:
0x01E3	0x0008      	RETURN
; end of _newline
_Lcd_Out:
;__Lib_Lcd.c,184 :: 		
;__Lib_Lcd.c,187 :: 		
0x01E4	0x29F6      	GOTO       L_Lcd_Out11
;__Lib_Lcd.c,188 :: 		
L_Lcd_Out13:
0x01E5	0x3080      	MOVLW      128
0x01E6	0x1683      	BSF        STATUS, 5
0x01E7	0x1303      	BCF        STATUS, 6
0x01E8	0x00A5      	MOVWF      FARG_Lcd_Out_row
0x01E9	0x2A09      	GOTO       L_Lcd_Out12
;__Lib_Lcd.c,189 :: 		
L_Lcd_Out14:
0x01EA	0x30C0      	MOVLW      192
0x01EB	0x00A5      	MOVWF      FARG_Lcd_Out_row
0x01EC	0x2A09      	GOTO       L_Lcd_Out12
;__Lib_Lcd.c,190 :: 		
L_Lcd_Out15:
0x01ED	0x3094      	MOVLW      148
0x01EE	0x00A5      	MOVWF      FARG_Lcd_Out_row
0x01EF	0x2A09      	GOTO       L_Lcd_Out12
;__Lib_Lcd.c,191 :: 		
L_Lcd_Out16:
0x01F0	0x30D4      	MOVLW      212
0x01F1	0x00A5      	MOVWF      FARG_Lcd_Out_row
0x01F2	0x2A09      	GOTO       L_Lcd_Out12
;__Lib_Lcd.c,192 :: 		
L_Lcd_Out17:
0x01F3	0x3080      	MOVLW      128
0x01F4	0x00A5      	MOVWF      FARG_Lcd_Out_row
;__Lib_Lcd.c,193 :: 		
0x01F5	0x2A09      	GOTO       L_Lcd_Out12
L_Lcd_Out11:
0x01F6	0x1683      	BSF        STATUS, 5
0x01F7	0x1303      	BCF        STATUS, 6
0x01F8	0x0825      	MOVF       FARG_Lcd_Out_row, 0
0x01F9	0x3A01      	XORLW      1
0x01FA	0x1903      	BTFSC      STATUS, 2
0x01FB	0x29E5      	GOTO       L_Lcd_Out13
0x01FC	0x0825      	MOVF       FARG_Lcd_Out_row, 0
0x01FD	0x3A02      	XORLW      2
0x01FE	0x1903      	BTFSC      STATUS, 2
0x01FF	0x29EA      	GOTO       L_Lcd_Out14
0x0200	0x0825      	MOVF       FARG_Lcd_Out_row, 0
0x0201	0x3A03      	XORLW      3
0x0202	0x1903      	BTFSC      STATUS, 2
0x0203	0x29ED      	GOTO       L_Lcd_Out15
0x0204	0x0825      	MOVF       FARG_Lcd_Out_row, 0
0x0205	0x3A04      	XORLW      4
0x0206	0x1903      	BTFSC      STATUS, 2
0x0207	0x29F0      	GOTO       L_Lcd_Out16
0x0208	0x29F3      	GOTO       L_Lcd_Out17
L_Lcd_Out12:
;__Lib_Lcd.c,194 :: 		
0x0209	0x0326      	DECF       FARG_Lcd_Out_column, 0
0x020A	0x00F0      	MOVWF      R0
0x020B	0x0825      	MOVF       FARG_Lcd_Out_row, 0
0x020C	0x07F0      	ADDWF      R0, 1
0x020D	0x0870      	MOVF       R0, 0
0x020E	0x00A5      	MOVWF      FARG_Lcd_Out_row
;__Lib_Lcd.c,196 :: 		
0x020F	0x0870      	MOVF       R0, 0
0x0210	0x00B3      	MOVWF      FARG_Lcd_Cmd_out_char
0x0211	0x201A      	CALL       _Lcd_Cmd
;__Lib_Lcd.c,197 :: 		
0x0212	0x106E      	BCF        __Lib_Lcd_cmd_status, BitPos(__Lib_Lcd_cmd_status+0)
;__Lib_Lcd.c,198 :: 		
0x0213	0x01EF      	CLRF       Lcd_Out_i_L0
;__Lib_Lcd.c,199 :: 		
L_Lcd_Out18:
0x0214	0x086F      	MOVF       Lcd_Out_i_L0, 0
0x0215	0x1683      	BSF        STATUS, 5
0x0216	0x0727      	ADDWF      FARG_Lcd_Out_text, 0
0x0217	0x0084      	MOVWF      FSR
0x0218	0x0800      	MOVF       INDF, 0
0x0219	0x1903      	BTFSC      STATUS, 2
0x021A	0x2A25      	GOTO       L_Lcd_Out19
;__Lib_Lcd.c,200 :: 		
0x021B	0x1283      	BCF        STATUS, 5
0x021C	0x086F      	MOVF       Lcd_Out_i_L0, 0
0x021D	0x1683      	BSF        STATUS, 5
0x021E	0x0727      	ADDWF      FARG_Lcd_Out_text, 0
0x021F	0x0084      	MOVWF      FSR
0x0220	0x0800      	MOVF       INDF, 0
0x0221	0x00AE      	MOVWF      FARG_Lcd_Chr_CP_out_char
0x0222	0x208E      	CALL       _Lcd_Chr_CP
0x0223	0x0AEF      	INCF       Lcd_Out_i_L0, 1
0x0224	0x2A14      	GOTO       L_Lcd_Out18
L_Lcd_Out19:
0x0225	0x1283      	BCF        STATUS, 5
;__Lib_Lcd.c,201 :: 		
0x0226	0x146E      	BSF        __Lib_Lcd_cmd_status, BitPos(__Lib_Lcd_cmd_status+0)
;__Lib_Lcd.c,202 :: 		
L_end_Lcd_Out:
0x0227	0x0008      	RETURN
; end of _Lcd_Out
_ADC_Init:
;__Lib_ADC_A_C.c,9 :: 		
;__Lib_ADC_A_C.c,10 :: 		
0x0228	0x30FF      	MOVLW      _ADC_Get_Sample
0x0229	0x1683      	BSF        STATUS, 5
0x022A	0x1303      	BCF        STATUS, 6
0x022B	0x00A0      	MOVWF      _ADC_Get_Sample_Ptr
0x022C	0x30FF      	MOVLW      hi_addr(_ADC_Get_Sample)
0x022D	0x00A1      	MOVWF      _ADC_Get_Sample_Ptr+1
0x022E	0x30FF      	MOVLW      FARG_ADC_Get_Sample_channel
0x022F	0x00A2      	MOVWF      _ADC_Get_Sample_Ptr+2
0x0230	0x30FF      	MOVLW      hi_addr(FARG_ADC_Get_Sample_channel)
;__Lib_ADC_A_C.c,12 :: 		
0x0231	0x1283      	BCF        STATUS, 5
0x0232	0x019F      	CLRF       ADCON0
;__Lib_ADC_A_C.c,13 :: 		
0x0233	0x30C0      	MOVLW      192
0x0234	0x049F      	IORWF      ADCON0, 1
;__Lib_ADC_A_C.c,14 :: 		
0x0235	0x1683      	BSF        STATUS, 5
0x0236	0x171F      	BSF        ADCON1, 6
;__Lib_ADC_A_C.c,15 :: 		
0x0237	0x179F      	BSF        ADCON1, 7
;__Lib_ADC_A_C.c,18 :: 		
0x0238	0x1283      	BCF        STATUS, 5
0x0239	0x141F      	BSF        ADCON0, 0
;__Lib_ADC_A_C.c,19 :: 		
L_end_ADC_Init:
0x023A	0x0008      	RETURN
; end of _ADC_Init
_UART1_Write_Text:
;__Lib_UART_c67.c,47 :: 		
;__Lib_UART_c67.c,48 :: 		
0x023B	0x1683      	BSF        STATUS, 5
0x023C	0x1303      	BCF        STATUS, 6
0x023D	0x01A6      	CLRF       UART1_Write_Text_counter_L0
;__Lib_UART_c67.c,50 :: 		
0x023E	0x1283      	BCF        STATUS, 5
0x023F	0x086F      	MOVF       FARG_UART1_Write_Text_uart_text, 0
0x0240	0x0084      	MOVWF      FSR
0x0241	0x0800      	MOVF       INDF, 0
0x0242	0x1683      	BSF        STATUS, 5
0x0243	0x00A5      	MOVWF      UART1_Write_Text_data__L0
;__Lib_UART_c67.c,51 :: 		
L_UART1_Write_Text5:
0x0244	0x0825      	MOVF       UART1_Write_Text_data__L0, 0
0x0245	0x3A00      	XORLW      0
0x0246	0x1903      	BTFSC      STATUS, 2
0x0247	0x2A55      	GOTO       L_UART1_Write_Text6
;__Lib_UART_c67.c,52 :: 		
0x0248	0x0825      	MOVF       UART1_Write_Text_data__L0, 0
0x0249	0x00AE      	MOVWF      FARG_UART1_Write_data_
0x024A	0x2097      	CALL       _UART1_Write
;__Lib_UART_c67.c,53 :: 		
0x024B	0x1683      	BSF        STATUS, 5
0x024C	0x0AA6      	INCF       UART1_Write_Text_counter_L0, 1
;__Lib_UART_c67.c,54 :: 		
0x024D	0x0826      	MOVF       UART1_Write_Text_counter_L0, 0
0x024E	0x1283      	BCF        STATUS, 5
0x024F	0x076F      	ADDWF      FARG_UART1_Write_Text_uart_text, 0
0x0250	0x0084      	MOVWF      FSR
0x0251	0x0800      	MOVF       INDF, 0
0x0252	0x1683      	BSF        STATUS, 5
0x0253	0x00A5      	MOVWF      UART1_Write_Text_data__L0
;__Lib_UART_c67.c,55 :: 		
0x0254	0x2A44      	GOTO       L_UART1_Write_Text5
L_UART1_Write_Text6:
;__Lib_UART_c67.c,56 :: 		
L_end_UART1_Write_Text:
0x0255	0x0008      	RETURN
; end of _UART1_Write_Text
_UART1_Init:
;__Lib_UART_c67.c,2 :: 		
;__Lib_UART_c67.c,5 :: 		
0x0256	0x1683      	BSF        STATUS, 5
0x0257	0x1303      	BCF        STATUS, 6
0x0258	0x1698      	BSF        TXSTA, 5
;__Lib_UART_c67.c,6 :: 		
0x0259	0x3090      	MOVLW      144
0x025A	0x1283      	BCF        STATUS, 5
0x025B	0x0098      	MOVWF      RCSTA
;__Lib_UART_c67.c,7 :: 		
0x025C	0x1683      	BSF        STATUS, 5
0x025D	0x1787      	BSF        TRISC7_bit, BitPos(TRISC7_bit+0)
;__Lib_UART_c67.c,8 :: 		
0x025E	0x1307      	BCF        TRISC6_bit, BitPos(TRISC6_bit+0)
;__Lib_UART_c67.c,10 :: 		
L_UART1_Init0:
0x025F	0x1283      	BCF        STATUS, 5
0x0260	0x1E8C      	BTFSS      PIR1, 5
0x0261	0x2A65      	GOTO       L_UART1_Init1
;__Lib_UART_c67.c,11 :: 		
0x0262	0x081A      	MOVF       RCREG, 0
0x0263	0x00F0      	MOVWF      R0
0x0264	0x2A5F      	GOTO       L_UART1_Init0
L_UART1_Init1:
;__Lib_UART_c67.c,12 :: 		
L_end_UART1_Init:
0x0265	0x0008      	RETURN
; end of _UART1_Init
_ADC_Read:
;__Lib_ADC_A_C.c,45 :: 		
;__Lib_ADC_A_C.c,47 :: 		
0x0266	0x1283      	BCF        STATUS, 5
0x0267	0x1303      	BCF        STATUS, 6
0x0268	0x019F      	CLRF       ADCON0
;__Lib_ADC_A_C.c,48 :: 		
0x0269	0x30C0      	MOVLW      192
0x026A	0x049F      	IORWF      ADCON0, 1
;__Lib_ADC_A_C.c,49 :: 		
0x026B	0x1683      	BSF        STATUS, 5
0x026C	0x171F      	BSF        ADCON1, 6
;__Lib_ADC_A_C.c,50 :: 		
0x026D	0x179F      	BSF        ADCON1, 7
;__Lib_ADC_A_C.c,51 :: 		
0x026E	0x1283      	BCF        STATUS, 5
0x026F	0x086F      	MOVF       FARG_ADC_Read_channel, 0
0x0270	0x00F0      	MOVWF      R0
0x0271	0x0DF0      	RLF        R0, 1
0x0272	0x1070      	BCF        R0, 0
0x0273	0x0DF0      	RLF        R0, 1
0x0274	0x1070      	BCF        R0, 0
0x0275	0x0DF0      	RLF        R0, 1
0x0276	0x1070      	BCF        R0, 0
0x0277	0x0870      	MOVF       R0, 0
0x0278	0x049F      	IORWF      ADCON0, 1
;__Lib_ADC_A_C.c,54 :: 		
0x0279	0x141F      	BSF        ADCON0, 0
;__Lib_ADC_A_C.c,57 :: 		
0x027A	0x20A8      	CALL       _Delay_22us
;__Lib_ADC_A_C.c,60 :: 		
0x027B	0x151F      	BSF        ADCON0, 2
;__Lib_ADC_A_C.c,63 :: 		
L_ADC_Read2:
0x027C	0x1D1F      	BTFSS      ADCON0, 2
0x027D	0x2A80      	GOTO       L_ADC_Read3
;__Lib_ADC_A_C.c,64 :: 		
0x027E	0x0000      	NOP
0x027F	0x2A7C      	GOTO       L_ADC_Read2
L_ADC_Read3:
;__Lib_ADC_A_C.c,67 :: 		
0x0280	0x101F      	BCF        ADCON0, 0
;__Lib_ADC_A_C.c,70 :: 		
0x0281	0x081E      	MOVF       ADRESH, 0
0x0282	0x00F1      	MOVWF      R0+1
0x0283	0x01F0      	CLRF       R0
0x0284	0x1683      	BSF        STATUS, 5
0x0285	0x081E      	MOVF       ADRESL, 0
0x0286	0x04F0      	IORWF      R0, 1
0x0287	0x3000      	MOVLW      0
0x0288	0x04F1      	IORWF      R0+1, 1
;__Lib_ADC_A_C.c,71 :: 		
L_end_ADC_Read:
0x0289	0x0008      	RETURN
; end of _ADC_Read
___CC2DW:
;__Lib_System.c,134 :: 		
;__Lib_System.c,137 :: 		
_CC2D_Loop1:
;__Lib_System.c,139 :: 		
0x028A	0x20A1      	CALL       _____DoICP
0x028B	0x118A      	BCF        PCLATH, 3
0x028C	0x120A      	BCF        PCLATH, 4
;__Lib_System.c,141 :: 		
0x028D	0x0080      	MOVWF      INDF
;__Lib_System.c,142 :: 		
0x028E	0x0A84      	INCF       FSR, 1
;__Lib_System.c,143 :: 		
0x028F	0x0AE2      	INCF       ___DoICPAddr, 1
;__Lib_System.c,145 :: 		
0x0290	0x1903      	BTFSC      STATUS, 2
;__Lib_System.c,146 :: 		
0x0291	0x0AE3      	INCF       ___DoICPAddr+1, 1
;__Lib_System.c,147 :: 		
0x0292	0x03F0      	DECF       R0, 1
;__Lib_System.c,149 :: 		
0x0293	0x1D03      	BTFSS      STATUS, 2
;__Lib_System.c,150 :: 		
0x0294	0x2A8A      	GOTO       _CC2D_Loop1
;__Lib_System.c,152 :: 		
L_end___CC2DW:
0x0295	0x0008      	RETURN
; end of ___CC2DW
_main:
0x0296	0x239E      	CALL       926
;MyProject.c,27 :: 		void main() {
;MyProject.c,28 :: 		trisc=0;
0x0297	0x1683      	BSF        STATUS, 5
0x0298	0x1303      	BCF        STATUS, 6
0x0299	0x0187      	CLRF       TRISC
;MyProject.c,29 :: 		portc.f0=1;
0x029A	0x1283      	BCF        STATUS, 5
0x029B	0x1407      	BSF        PORTC, 0
;MyProject.c,30 :: 		ADC_Init();
0x029C	0x2228      	CALL       _ADC_Init
;MyProject.c,31 :: 		uart1_Init (9600);
0x029D	0x3033      	MOVLW      51
0x029E	0x1683      	BSF        STATUS, 5
0x029F	0x0099      	MOVWF      SPBRG
0x02A0	0x1518      	BSF        TXSTA, 2
0x02A1	0x2256      	CALL       _UART1_Init
;MyProject.c,32 :: 		Lcd_Init();
0x02A2	0x215C      	CALL       _Lcd_Init
;MyProject.c,33 :: 		Lcd_Cmd(_LCD_CURSOR_OFF); // cursor off
0x02A3	0x300C      	MOVLW      12
0x02A4	0x1683      	BSF        STATUS, 5
0x02A5	0x00B3      	MOVWF      FARG_Lcd_Cmd_out_char
0x02A6	0x201A      	CALL       _Lcd_Cmd
;MyProject.c,34 :: 		Lcd_Cmd(_LCD_CLEAR); // clear LCD
0x02A7	0x3001      	MOVLW      1
0x02A8	0x1683      	BSF        STATUS, 5
0x02A9	0x00B3      	MOVWF      FARG_Lcd_Cmd_out_char
0x02AA	0x201A      	CALL       _Lcd_Cmd
;MyProject.c,35 :: 		Lcd_Out(1, 3, "We are SPEE");
0x02AB	0x3001      	MOVLW      1
0x02AC	0x1683      	BSF        STATUS, 5
0x02AD	0x00A5      	MOVWF      FARG_Lcd_Out_row
0x02AE	0x3003      	MOVLW      3
0x02AF	0x00A6      	MOVWF      FARG_Lcd_Out_column
0x02B0	0x302C      	MOVLW      ?lstr1_MyProject
0x02B1	0x00A7      	MOVWF      FARG_Lcd_Out_text
0x02B2	0x21E4      	CALL       _Lcd_Out
;MyProject.c,36 :: 		Uart1_write_Text ("We are SPEE");
0x02B3	0x3020      	MOVLW      ?lstr2_MyProject
0x02B4	0x00EF      	MOVWF      FARG_UART1_Write_Text_uart_text
0x02B5	0x223B      	CALL       _UART1_Write_Text
;MyProject.c,38 :: 		newline();
0x02B6	0x21DA      	CALL       _newline
;MyProject.c,39 :: 		delay_ms(2700);
0x02B7	0x301C      	MOVLW      28
0x02B8	0x00FB      	MOVWF      R11
0x02B9	0x3065      	MOVLW      101
0x02BA	0x00FC      	MOVWF      R12
0x02BB	0x30E8      	MOVLW      232
0x02BC	0x00FD      	MOVWF      R13
L_main0:
0x02BD	0x0BFD      	DECFSZ     R13, 1
0x02BE	0x2ABD      	GOTO       L_main0
0x02BF	0x0BFC      	DECFSZ     R12, 1
0x02C0	0x2ABD      	GOTO       L_main0
0x02C1	0x0BFB      	DECFSZ     R11, 1
0x02C2	0x2ABD      	GOTO       L_main0
0x02C3	0x0000      	NOP
;MyProject.c,40 :: 		Lcd_Cmd(_LCD_CLEAR);// clear LCD
0x02C4	0x3001      	MOVLW      1
0x02C5	0x1683      	BSF        STATUS, 5
0x02C6	0x00B3      	MOVWF      FARG_Lcd_Cmd_out_char
0x02C7	0x201A      	CALL       _Lcd_Cmd
;MyProject.c,41 :: 		delay_ms(280);
0x02C8	0x3003      	MOVLW      3
0x02C9	0x00FB      	MOVWF      R11
0x02CA	0x30D8      	MOVLW      216
0x02CB	0x00FC      	MOVWF      R12
0x02CC	0x3041      	MOVLW      65
0x02CD	0x00FD      	MOVWF      R13
L_main1:
0x02CE	0x0BFD      	DECFSZ     R13, 1
0x02CF	0x2ACE      	GOTO       L_main1
0x02D0	0x0BFC      	DECFSZ     R12, 1
0x02D1	0x2ACE      	GOTO       L_main1
0x02D2	0x0BFB      	DECFSZ     R11, 1
0x02D3	0x2ACE      	GOTO       L_main1
0x02D4	0x0000      	NOP
0x02D5	0x0000      	NOP
;MyProject.c,42 :: 		while(1){
L_main2:
;MyProject.c,45 :: 		gas_value = ADC_Read(0); // It will read the gas value of sensor
0x02D6	0x01EF      	CLRF       FARG_ADC_Read_channel
0x02D7	0x2266      	CALL       _ADC_Read
0x02D8	0x0870      	MOVF       R0, 0
0x02D9	0x00A3      	MOVWF      _gas_value
0x02DA	0x0871      	MOVF       R0+1, 0
0x02DB	0x00A4      	MOVWF      _gas_value+1
;MyProject.c,46 :: 		if( gas_value > 270 ){
0x02DC	0x3080      	MOVLW      128
0x02DD	0x3A01      	XORLW      1
0x02DE	0x00F2      	MOVWF      R2
0x02DF	0x3080      	MOVLW      128
0x02E0	0x0671      	XORWF      R0+1, 0
0x02E1	0x0272      	SUBWF      R2, 0
0x02E2	0x1D03      	BTFSS      STATUS, 2
0x02E3	0x2AE6      	GOTO       L__main11
0x02E4	0x0870      	MOVF       R0, 0
0x02E5	0x3C0E      	SUBLW      14
L__main11:
0x02E6	0x1803      	BTFSC      STATUS, 0
0x02E7	0x2B13      	GOTO       L_main4
;MyProject.c,47 :: 		Lcd_Out(1,1, "Gas detected" );
0x02E8	0x3001      	MOVLW      1
0x02E9	0x00A5      	MOVWF      FARG_Lcd_Out_row
0x02EA	0x3001      	MOVLW      1
0x02EB	0x00A6      	MOVWF      FARG_Lcd_Out_column
0x02EC	0x3055      	MOVLW      ?lstr3_MyProject
0x02ED	0x00A7      	MOVWF      FARG_Lcd_Out_text
0x02EE	0x21E4      	CALL       _Lcd_Out
;MyProject.c,48 :: 		Uart1_write_Text ("Gas detected");
0x02EF	0x3048      	MOVLW      ?lstr4_MyProject
0x02F0	0x00EF      	MOVWF      FARG_UART1_Write_Text_uart_text
0x02F1	0x223B      	CALL       _UART1_Write_Text
;MyProject.c,49 :: 		intToStr(gas_value, text);
0x02F2	0x0823      	MOVF       _gas_value, 0
0x02F3	0x00A5      	MOVWF      FARG_IntToStr_input
0x02F4	0x0824      	MOVF       _gas_value+1, 0
0x02F5	0x00A6      	MOVWF      FARG_IntToStr_input+1
0x02F6	0x3064      	MOVLW      _text
0x02F7	0x00A7      	MOVWF      FARG_IntToStr_output
0x02F8	0x20F2      	CALL       _IntToStr
;MyProject.c,50 :: 		Lcd_Out(2,1, text );
0x02F9	0x3002      	MOVLW      2
0x02FA	0x00A5      	MOVWF      FARG_Lcd_Out_row
0x02FB	0x3001      	MOVLW      1
0x02FC	0x00A6      	MOVWF      FARG_Lcd_Out_column
0x02FD	0x3064      	MOVLW      _text
0x02FE	0x00A7      	MOVWF      FARG_Lcd_Out_text
0x02FF	0x21E4      	CALL       _Lcd_Out
;MyProject.c,51 :: 		Uart1_Write_Text (text);
0x0300	0x3064      	MOVLW      _text
0x0301	0x00EF      	MOVWF      FARG_UART1_Write_Text_uart_text
0x0302	0x223B      	CALL       _UART1_Write_Text
;MyProject.c,52 :: 		newline();
0x0303	0x21DA      	CALL       _newline
;MyProject.c,53 :: 		portc.f1=1;
0x0304	0x1487      	BSF        PORTC, 1
;MyProject.c,54 :: 		delay_ms(600);
0x0305	0x3007      	MOVLW      7
0x0306	0x00FB      	MOVWF      R11
0x0307	0x3017      	MOVLW      23
0x0308	0x00FC      	MOVWF      R12
0x0309	0x306A      	MOVLW      106
0x030A	0x00FD      	MOVWF      R13
L_main5:
0x030B	0x0BFD      	DECFSZ     R13, 1
0x030C	0x2B0B      	GOTO       L_main5
0x030D	0x0BFC      	DECFSZ     R12, 1
0x030E	0x2B0B      	GOTO       L_main5
0x030F	0x0BFB      	DECFSZ     R11, 1
0x0310	0x2B0B      	GOTO       L_main5
0x0311	0x0000      	NOP
;MyProject.c,56 :: 		}
0x0312	0x2B43      	GOTO       L_main6
L_main4:
;MyProject.c,59 :: 		Lcd_Out(1,4, "No Gas " );
0x0313	0x3001      	MOVLW      1
0x0314	0x1683      	BSF        STATUS, 5
0x0315	0x00A5      	MOVWF      FARG_Lcd_Out_row
0x0316	0x3004      	MOVLW      4
0x0317	0x00A6      	MOVWF      FARG_Lcd_Out_column
0x0318	0x3038      	MOVLW      ?lstr5_MyProject
0x0319	0x00A7      	MOVWF      FARG_Lcd_Out_text
0x031A	0x21E4      	CALL       _Lcd_Out
;MyProject.c,60 :: 		Uart1_write_Text ("No Gas ");
0x031B	0x3040      	MOVLW      ?lstr6_MyProject
0x031C	0x00EF      	MOVWF      FARG_UART1_Write_Text_uart_text
0x031D	0x223B      	CALL       _UART1_Write_Text
;MyProject.c,61 :: 		intToStr(gas_value, Ltrim(text));
0x031E	0x3064      	MOVLW      _text
0x031F	0x1283      	BCF        STATUS, 5
0x0320	0x00EF      	MOVWF      FARG_Ltrim_string
0x0321	0x21AA      	CALL       _Ltrim
0x0322	0x0870      	MOVF       R0, 0
0x0323	0x1683      	BSF        STATUS, 5
0x0324	0x00A7      	MOVWF      FARG_IntToStr_output
0x0325	0x0823      	MOVF       _gas_value, 0
0x0326	0x00A5      	MOVWF      FARG_IntToStr_input
0x0327	0x0824      	MOVF       _gas_value+1, 0
0x0328	0x00A6      	MOVWF      FARG_IntToStr_input+1
0x0329	0x20F2      	CALL       _IntToStr
;MyProject.c,62 :: 		Lcd_Out(2,1, text );
0x032A	0x3002      	MOVLW      2
0x032B	0x00A5      	MOVWF      FARG_Lcd_Out_row
0x032C	0x3001      	MOVLW      1
0x032D	0x00A6      	MOVWF      FARG_Lcd_Out_column
0x032E	0x3064      	MOVLW      _text
0x032F	0x00A7      	MOVWF      FARG_Lcd_Out_text
0x0330	0x21E4      	CALL       _Lcd_Out
;MyProject.c,63 :: 		Uart1_Write_Text (text);
0x0331	0x3064      	MOVLW      _text
0x0332	0x00EF      	MOVWF      FARG_UART1_Write_Text_uart_text
0x0333	0x223B      	CALL       _UART1_Write_Text
;MyProject.c,64 :: 		newline();
0x0334	0x21DA      	CALL       _newline
;MyProject.c,65 :: 		portc.f1=0;
0x0335	0x1087      	BCF        PORTC, 1
;MyProject.c,66 :: 		delay_ms(600);
0x0336	0x3007      	MOVLW      7
0x0337	0x00FB      	MOVWF      R11
0x0338	0x3017      	MOVLW      23
0x0339	0x00FC      	MOVWF      R12
0x033A	0x306A      	MOVLW      106
0x033B	0x00FD      	MOVWF      R13
L_main7:
0x033C	0x0BFD      	DECFSZ     R13, 1
0x033D	0x2B3C      	GOTO       L_main7
0x033E	0x0BFC      	DECFSZ     R12, 1
0x033F	0x2B3C      	GOTO       L_main7
0x0340	0x0BFB      	DECFSZ     R11, 1
0x0341	0x2B3C      	GOTO       L_main7
0x0342	0x0000      	NOP
;MyProject.c,68 :: 		}
L_main6:
;MyProject.c,70 :: 		delay_ms(500);
0x0343	0x3006      	MOVLW      6
0x0344	0x00FB      	MOVWF      R11
0x0345	0x3013      	MOVLW      19
0x0346	0x00FC      	MOVWF      R12
0x0347	0x30AD      	MOVLW      173
0x0348	0x00FD      	MOVWF      R13
L_main8:
0x0349	0x0BFD      	DECFSZ     R13, 1
0x034A	0x2B49      	GOTO       L_main8
0x034B	0x0BFC      	DECFSZ     R12, 1
0x034C	0x2B49      	GOTO       L_main8
0x034D	0x0BFB      	DECFSZ     R11, 1
0x034E	0x2B49      	GOTO       L_main8
0x034F	0x0000      	NOP
0x0350	0x0000      	NOP
;MyProject.c,72 :: 		Lcd_Cmd(_LCD_CLEAR); // clear LCD
0x0351	0x3001      	MOVLW      1
0x0352	0x1683      	BSF        STATUS, 5
0x0353	0x00B3      	MOVWF      FARG_Lcd_Cmd_out_char
0x0354	0x201A      	CALL       _Lcd_Cmd
;MyProject.c,73 :: 		}
0x0355	0x2AD6      	GOTO       L_main2
;MyProject.c,74 :: 		}
L_end_main:
0x0356	0x2B56      	GOTO       $+0
; end of _main
0x039E	0x3020      	MOVLW      32
0x039F	0x0084      	MOVWF      FSR
0x03A0	0x3042      	MOVLW      66
0x03A1	0x1283      	BCF        STATUS, 5
0x03A2	0x1303      	BCF        STATUS, 6
0x03A3	0x00F0      	MOVWF      R0
0x03A4	0x305C      	MOVLW      92
0x03A5	0x00E2      	MOVWF      ___DoICPAddr
0x03A6	0x3003      	MOVLW      3
0x03A7	0x00E3      	MOVWF      99
0x03A8	0x228A      	CALL       650
0x03A9	0x0008      	RETURN
;MyProject.c,0 :: ?ICS?lstr2_MyProject
0x035C	0x3457 ;?ICS?lstr2_MyProject+0
0x035D	0x3465 ;?ICS?lstr2_MyProject+1
0x035E	0x3420 ;?ICS?lstr2_MyProject+2
0x035F	0x3461 ;?ICS?lstr2_MyProject+3
0x0360	0x3472 ;?ICS?lstr2_MyProject+4
0x0361	0x3465 ;?ICS?lstr2_MyProject+5
0x0362	0x3420 ;?ICS?lstr2_MyProject+6
0x0363	0x3453 ;?ICS?lstr2_MyProject+7
0x0364	0x3450 ;?ICS?lstr2_MyProject+8
0x0365	0x3445 ;?ICS?lstr2_MyProject+9
0x0366	0x3445 ;?ICS?lstr2_MyProject+10
0x0367	0x3400 ;?ICS?lstr2_MyProject+11
; end of ?ICS?lstr2_MyProject
;MyProject.c,0 :: ?ICS?lstr1_MyProject
0x0368	0x3457 ;?ICS?lstr1_MyProject+0
0x0369	0x3465 ;?ICS?lstr1_MyProject+1
0x036A	0x3420 ;?ICS?lstr1_MyProject+2
0x036B	0x3461 ;?ICS?lstr1_MyProject+3
0x036C	0x3472 ;?ICS?lstr1_MyProject+4
0x036D	0x3465 ;?ICS?lstr1_MyProject+5
0x036E	0x3420 ;?ICS?lstr1_MyProject+6
0x036F	0x3453 ;?ICS?lstr1_MyProject+7
0x0370	0x3450 ;?ICS?lstr1_MyProject+8
0x0371	0x3445 ;?ICS?lstr1_MyProject+9
0x0372	0x3445 ;?ICS?lstr1_MyProject+10
0x0373	0x3400 ;?ICS?lstr1_MyProject+11
; end of ?ICS?lstr1_MyProject
;MyProject.c,0 :: ?ICS?lstr5_MyProject
0x0374	0x344E ;?ICS?lstr5_MyProject+0
0x0375	0x346F ;?ICS?lstr5_MyProject+1
0x0376	0x3420 ;?ICS?lstr5_MyProject+2
0x0377	0x3447 ;?ICS?lstr5_MyProject+3
0x0378	0x3461 ;?ICS?lstr5_MyProject+4
0x0379	0x3473 ;?ICS?lstr5_MyProject+5
0x037A	0x3420 ;?ICS?lstr5_MyProject+6
0x037B	0x3400 ;?ICS?lstr5_MyProject+7
; end of ?ICS?lstr5_MyProject
;MyProject.c,0 :: ?ICS?lstr6_MyProject
0x037C	0x344E ;?ICS?lstr6_MyProject+0
0x037D	0x346F ;?ICS?lstr6_MyProject+1
0x037E	0x3420 ;?ICS?lstr6_MyProject+2
0x037F	0x3447 ;?ICS?lstr6_MyProject+3
0x0380	0x3461 ;?ICS?lstr6_MyProject+4
0x0381	0x3473 ;?ICS?lstr6_MyProject+5
0x0382	0x3420 ;?ICS?lstr6_MyProject+6
0x0383	0x3400 ;?ICS?lstr6_MyProject+7
; end of ?ICS?lstr6_MyProject
;MyProject.c,0 :: ?ICS?lstr4_MyProject
0x0384	0x3447 ;?ICS?lstr4_MyProject+0
0x0385	0x3461 ;?ICS?lstr4_MyProject+1
0x0386	0x3473 ;?ICS?lstr4_MyProject+2
0x0387	0x3420 ;?ICS?lstr4_MyProject+3
0x0388	0x3464 ;?ICS?lstr4_MyProject+4
0x0389	0x3465 ;?ICS?lstr4_MyProject+5
0x038A	0x3474 ;?ICS?lstr4_MyProject+6
0x038B	0x3465 ;?ICS?lstr4_MyProject+7
0x038C	0x3463 ;?ICS?lstr4_MyProject+8
0x038D	0x3474 ;?ICS?lstr4_MyProject+9
0x038E	0x3465 ;?ICS?lstr4_MyProject+10
0x038F	0x3464 ;?ICS?lstr4_MyProject+11
0x0390	0x3400 ;?ICS?lstr4_MyProject+12
; end of ?ICS?lstr4_MyProject
;MyProject.c,0 :: ?ICS?lstr3_MyProject
0x0391	0x3447 ;?ICS?lstr3_MyProject+0
0x0392	0x3461 ;?ICS?lstr3_MyProject+1
0x0393	0x3473 ;?ICS?lstr3_MyProject+2
0x0394	0x3420 ;?ICS?lstr3_MyProject+3
0x0395	0x3464 ;?ICS?lstr3_MyProject+4
0x0396	0x3465 ;?ICS?lstr3_MyProject+5
0x0397	0x3474 ;?ICS?lstr3_MyProject+6
0x0398	0x3465 ;?ICS?lstr3_MyProject+7
0x0399	0x3463 ;?ICS?lstr3_MyProject+8
0x039A	0x3474 ;?ICS?lstr3_MyProject+9
0x039B	0x3465 ;?ICS?lstr3_MyProject+10
0x039C	0x3464 ;?ICS?lstr3_MyProject+11
0x039D	0x3400 ;?ICS?lstr3_MyProject+12
; end of ?ICS?lstr3_MyProject
Symbol List:
//** Routines locations **
//ADDRESS    SIZE    PROCEDURE
//----------------------------------------------
0x0003       [3]    _Delay_1us
0x0006      [13]    _Delay_5500us
0x0013       [7]    _Delay_50us
0x001A      [87]    _Lcd_Cmd
0x0071      [29]    _Div_16X16_U
0x008E       [9]    _Lcd_Chr_CP
0x0097      [10]    _UART1_Write
0x00A1       [7]    _____DoICP
0x00A8       [8]    _Delay_22us
0x00B0      [66]    _WordToStr
0x00F2     [106]    _IntToStr
0x015C      [78]    _Lcd_Init
0x01AA      [48]    _Ltrim
0x01DA      [10]    _newline
0x01E4      [68]    _Lcd_Out
0x0228      [19]    _ADC_Init
0x023B      [27]    _UART1_Write_Text
0x0256      [16]    _UART1_Init
0x0266      [36]    _ADC_Read
0x028A      [12]    ___CC2DW
0x0296     [192]    _main
//** Variables locations ** 
//ADDRESS    SIZE    VARIABLE
//----------------------------------------------
0x0000       [1]    INDF
0x0002       [1]    PCL
0x0003       [1]    STATUS
0x0004       [1]    FSR
0x0007       [1]    PORTC
0x0008       [0]    LCD_D6
0x0008       [0]    RD4_bit
0x0008       [0]    LCD_D5
0x0008       [0]    RD5_bit
0x0008       [0]    RD6_bit
0x0008       [0]    LCD_D7
0x0008       [0]    RD7_bit
0x0008       [0]    LCD_RS
0x0008       [0]    RD2_bit
0x0008       [0]    RD3_bit
0x0008       [0]    LCD_D4
0x0008       [0]    LCD_EN
0x000A       [1]    PCLATH
0x000C       [1]    PIR1
0x0018       [1]    RCSTA
0x0019       [1]    TXREG
0x001A       [1]    RCREG
0x001E       [1]    ADRESH
0x001F       [1]    ADCON0
0x0020      [12]    ?lstr2_MyProject
0x002C      [12]    ?lstr1_MyProject
0x0038       [8]    ?lstr5_MyProject
0x0040       [8]    ?lstr6_MyProject
0x0048      [13]    ?lstr4_MyProject
0x0055      [13]    ?lstr3_MyProject
0x0062       [2]    ___DoICPAddr
0x0064      [10]    _text
0x006E       [0]    __Lib_Lcd_cmd_status
0x006F       [1]    FARG_UART1_Write_Text_uart_text
0x006F       [1]    FARG_ADC_Read_channel
0x006F       [1]    FARG_Ltrim_string
0x006F       [1]    Lcd_Out_i_L0
0x0070       [1]    R0
0x0071       [1]    R1
0x0072       [1]    R2
0x0073       [1]    R3
0x0074       [1]    R4
0x0075       [1]    R5
0x0076       [1]    R6
0x0077       [1]    R7
0x0078       [1]    R8
0x0079       [1]    R9
0x007A       [1]    R10
0x007B       [1]    R11
0x007C       [1]    R12
0x007D       [1]    R13
0x007E       [1]    R14
0x007F       [1]    R15
0x0087       [0]    TRISC7_bit
0x0087       [1]    TRISC
0x0087       [0]    TRISC6_bit
0x0088       [0]    TRISD5_bit
0x0088       [0]    TRISD4_bit
0x0088       [0]    TRISD3_bit
0x0088       [0]    TRISD7_bit
0x0088       [0]    TRISD6_bit
0x0088       [0]    TRISD2_bit
0x0088       [0]    LCD_D4_Direction
0x0088       [0]    LCD_EN_Direction
0x0088       [0]    LCD_RS_Direction
0x0088       [0]    LCD_D7_Direction
0x0088       [0]    LCD_D6_Direction
0x0088       [0]    LCD_D5_Direction
0x0098       [1]    TXSTA
0x0099       [1]    SPBRG
0x009E       [1]    ADRESL
0x009F       [1]    ADCON1
0x00A0       [3]    _ADC_Get_Sample_Ptr
0x00A3       [2]    _gas_value
0x00A5       [2]    FARG_IntToStr_input
0x00A5       [1]    FARG_Lcd_Out_row
0x00A5       [2]    Ltrim_trimmed_L0
0x00A5       [1]    UART1_Write_Text_data__L0
0x00A6       [1]    UART1_Write_Text_counter_L0
0x00A6       [1]    FARG_Lcd_Out_column
0x00A7       [1]    FARG_IntToStr_output
0x00A7       [1]    FARG_Lcd_Out_text
0x00A8       [2]    IntToStr_i_L0
0x00AA       [2]    IntToStr_negative_L0
0x00AC       [2]    IntToStr_inword_L0
0x00AE       [1]    FARG_Lcd_Chr_CP_out_char
0x00AE       [1]    FARG_UART1_Write_data_
0x00AE       [2]    FARG_WordToStr_input
0x00B0       [1]    FARG_WordToStr_output
0x00B1       [1]    WordToStr_len_L0
0x00B2       [1]    FLOC__WordToStr
0x00B3       [1]    FARG_Lcd_Cmd_out_char
//** Constants locations ** 
//ADDRESS    SIZE    CONSTANT
//----------------------------------------------
0x035C      [12]    ?ICS?lstr2_MyProject
0x0368      [12]    ?ICS?lstr1_MyProject
0x0374       [8]    ?ICS?lstr5_MyProject
0x037C       [8]    ?ICS?lstr6_MyProject
0x0384      [13]    ?ICS?lstr4_MyProject
0x0391      [13]    ?ICS?lstr3_MyProject
